<?xml version="1.0" encoding="UTF-8"?>
<testng-results ignored="0" total="9" passed="8" failed="1" skipped="0">
  <reporter-output>
  </reporter-output>
  <suite started-at="2023-03-04T00:33:32 IST" name="Suite" finished-at="2023-03-04T00:40:34 IST" duration-ms="422055">
    <groups>
      <group name="cucumber">
        <method signature="AbstractTestNGCucumberTests.runScenario(io.cucumber.testng.PickleWrapper,io.cucumber.testng.FeatureWrapper)[pri:0, instance:runner.MyInfoRunner@43df23d3]" name="runScenario" class="io.cucumber.testng.AbstractTestNGCucumberTests"/>
      </group> <!-- cucumber -->
    </groups>
    <test started-at="2023-03-04T00:33:32 IST" name="Test" finished-at="2023-03-04T00:40:34 IST" duration-ms="422055">
      <class name="runner.MyInfoRunner">
        <test-method is-config="true" signature="setUpClass(org.testng.ITestContext)[pri:0, instance:runner.MyInfoRunner@43df23d3]" started-at="2023-03-04T00:33:32 IST" name="setUpClass" finished-at="2023-03-04T00:33:33 IST" duration-ms="216" status="PASS">
          <params>
            <param index="0">
              <value>
                <![CDATA[org.testng.TestRunner@3b30eec5]]>
              </value>
            </param>
          </params>
          <reporter-output>
          </reporter-output>
        </test-method> <!-- setUpClass -->
        <test-method signature="runScenario(io.cucumber.testng.PickleWrapper,io.cucumber.testng.FeatureWrapper)[pri:0, instance:runner.MyInfoRunner@43df23d3]" started-at="2023-03-04T00:33:33 IST" name="runScenario" description="Runs Cucumber Scenarios" data-provider="scenarios" finished-at="2023-03-04T00:34:05 IST" duration-ms="32151" status="PASS">
          <params>
            <param index="0">
              <value>
                <![CDATA["View My Info page"]]>
              </value>
            </param>
            <param index="1">
              <value>
                <![CDATA["OrangeHRM My Info"]]>
              </value>
            </param>
          </params>
          <reporter-output>
          </reporter-output>
        </test-method> <!-- runScenario -->
        <test-method signature="runScenario(io.cucumber.testng.PickleWrapper,io.cucumber.testng.FeatureWrapper)[pri:0, instance:runner.MyInfoRunner@43df23d3]" started-at="2023-03-04T00:34:05 IST" name="runScenario" description="Runs Cucumber Scenarios" data-provider="scenarios" finished-at="2023-03-04T00:34:37 IST" duration-ms="32304" status="PASS">
          <params>
            <param index="0">
              <value>
                <![CDATA["Change Profile picture section"]]>
              </value>
            </param>
            <param index="1">
              <value>
                <![CDATA["OrangeHRM My Info"]]>
              </value>
            </param>
          </params>
          <reporter-output>
          </reporter-output>
        </test-method> <!-- runScenario -->
        <test-method signature="runScenario(io.cucumber.testng.PickleWrapper,io.cucumber.testng.FeatureWrapper)[pri:0, instance:runner.MyInfoRunner@43df23d3]" started-at="2023-03-04T00:34:37 IST" name="runScenario" description="Runs Cucumber Scenarios" data-provider="scenarios" finished-at="2023-03-04T00:35:52 IST" duration-ms="74777" status="PASS">
          <params>
            <param index="0">
              <value>
                <![CDATA["Update personal information with correct input"]]>
              </value>
            </param>
            <param index="1">
              <value>
                <![CDATA["OrangeHRM Personal Information"]]>
              </value>
            </param>
          </params>
          <reporter-output>
          </reporter-output>
        </test-method> <!-- runScenario -->
        <test-method signature="runScenario(io.cucumber.testng.PickleWrapper,io.cucumber.testng.FeatureWrapper)[pri:0, instance:runner.MyInfoRunner@43df23d3]" started-at="2023-03-04T00:35:52 IST" name="runScenario" description="Runs Cucumber Scenarios" data-provider="scenarios" finished-at="2023-03-04T00:36:27 IST" duration-ms="34838" status="PASS">
          <params>
            <param index="0">
              <value>
                <![CDATA["Giving invalid input spaces in required field of Personal Information section"]]>
              </value>
            </param>
            <param index="1">
              <value>
                <![CDATA["OrangeHRM Personal Information"]]>
              </value>
            </param>
          </params>
          <reporter-output>
          </reporter-output>
        </test-method> <!-- runScenario -->
        <test-method signature="runScenario(io.cucumber.testng.PickleWrapper,io.cucumber.testng.FeatureWrapper)[pri:0, instance:runner.MyInfoRunner@43df23d3]" started-at="2023-03-04T00:36:27 IST" name="runScenario" description="Runs Cucumber Scenarios" data-provider="scenarios" finished-at="2023-03-04T00:37:17 IST" duration-ms="50872" status="FAIL">
          <params>
            <param index="0">
              <value>
                <![CDATA["Giving invalid input numbers in required field of Personal Information section"]]>
              </value>
            </param>
            <param index="1">
              <value>
                <![CDATA["OrangeHRM Personal Information"]]>
              </value>
            </param>
          </params>
          <exception class="org.openqa.selenium.NoSuchElementException">
            <message>
              <![CDATA[no such element: Unable to locate element: {"method":"xpath","selector":"//div/div[1]/span[@class='oxd-text oxd-text--span oxd-input-field-error-message oxd-input-group__message']"}
  (Session info: chrome=110.0.5481.178)
For documentation on this error, please visit: https://selenium.dev/exceptions/#no_such_element
Build info: version: '4.7.2', revision: '4d4020c3b7'
System info: os.name: 'Windows 11', os.arch: 'amd64', os.version: '10.0', java.version: '17.0.5'
Driver info: org.openqa.selenium.chrome.ChromeDriver
Command: [8f39cc2d31286749a35c5ba2063c0f75, findElement {using=xpath, value=//div/div[1]/span[@class='oxd-text oxd-text--span oxd-input-field-error-message oxd-input-group__message']}]
Capabilities {acceptInsecureCerts: false, browserName: chrome, browserVersion: 110.0.5481.178, chrome: {chromedriverVersion: 109.0.5414.74 (e7c5703604da..., userDataDir: C:\Program Files (x86)\scop...}, goog:chromeOptions: {debuggerAddress: localhost:56439}, networkConnectionEnabled: false, pageLoadStrategy: normal, platformName: WINDOWS, proxy: Proxy(), se:cdp: ws://localhost:56439/devtoo..., se:cdpVersion: 110.0.5481.178, setWindowRect: true, strictFileInteractability: false, timeouts: {implicit: 0, pageLoad: 300000, script: 30000}, unhandledPromptBehavior: dismiss and notify, webauthn:extension:credBlob: true, webauthn:extension:largeBlob: true, webauthn:virtualAuthenticators: true}
Session ID: 8f39cc2d31286749a35c5ba2063c0f75]]>
            </message>
            <full-stacktrace>
              <![CDATA[org.openqa.selenium.NoSuchElementException: no such element: Unable to locate element: {"method":"xpath","selector":"//div/div[1]/span[@class='oxd-text oxd-text--span oxd-input-field-error-message oxd-input-group__message']"}
  (Session info: chrome=110.0.5481.178)
For documentation on this error, please visit: https://selenium.dev/exceptions/#no_such_element
Build info: version: '4.7.2', revision: '4d4020c3b7'
System info: os.name: 'Windows 11', os.arch: 'amd64', os.version: '10.0', java.version: '17.0.5'
Driver info: org.openqa.selenium.chrome.ChromeDriver
Command: [8f39cc2d31286749a35c5ba2063c0f75, findElement {using=xpath, value=//div/div[1]/span[@class='oxd-text oxd-text--span oxd-input-field-error-message oxd-input-group__message']}]
Capabilities {acceptInsecureCerts: false, browserName: chrome, browserVersion: 110.0.5481.178, chrome: {chromedriverVersion: 109.0.5414.74 (e7c5703604da..., userDataDir: C:\Program Files (x86)\scop...}, goog:chromeOptions: {debuggerAddress: localhost:56439}, networkConnectionEnabled: false, pageLoadStrategy: normal, platformName: WINDOWS, proxy: Proxy(), se:cdp: ws://localhost:56439/devtoo..., se:cdpVersion: 110.0.5481.178, setWindowRect: true, strictFileInteractability: false, timeouts: {implicit: 0, pageLoad: 300000, script: 30000}, unhandledPromptBehavior: dismiss and notify, webauthn:extension:credBlob: true, webauthn:extension:largeBlob: true, webauthn:virtualAuthenticators: true}
Session ID: 8f39cc2d31286749a35c5ba2063c0f75
at java.base/jdk.internal.reflect.NativeConstructorAccessorImpl.newInstance0(Native Method)
at java.base/jdk.internal.reflect.NativeConstructorAccessorImpl.newInstance(NativeConstructorAccessorImpl.java:77)
at java.base/jdk.internal.reflect.DelegatingConstructorAccessorImpl.newInstance(DelegatingConstructorAccessorImpl.java:45)
at java.base/java.lang.reflect.Constructor.newInstanceWithCaller(Constructor.java:499)
at java.base/java.lang.reflect.Constructor.newInstance(Constructor.java:480)
at org.openqa.selenium.remote.codec.w3c.W3CHttpResponseCodec.createException(W3CHttpResponseCodec.java:200)
at org.openqa.selenium.remote.codec.w3c.W3CHttpResponseCodec.decode(W3CHttpResponseCodec.java:133)
at org.openqa.selenium.remote.codec.w3c.W3CHttpResponseCodec.decode(W3CHttpResponseCodec.java:53)
at org.openqa.selenium.remote.HttpCommandExecutor.execute(HttpCommandExecutor.java:184)
at org.openqa.selenium.remote.service.DriverCommandExecutor.invokeExecute(DriverCommandExecutor.java:167)
at org.openqa.selenium.remote.service.DriverCommandExecutor.execute(DriverCommandExecutor.java:142)
at org.openqa.selenium.remote.RemoteWebDriver.execute(RemoteWebDriver.java:535)
at org.openqa.selenium.remote.ElementLocation$ElementFinder$2.findElement(ElementLocation.java:162)
at org.openqa.selenium.remote.ElementLocation.findElement(ElementLocation.java:60)
at org.openqa.selenium.remote.RemoteWebDriver.findElement(RemoteWebDriver.java:351)
at org.openqa.selenium.remote.RemoteWebDriver.findElement(RemoteWebDriver.java:343)
at runner.MyInfoStepDefinition.it_should_show_me_error_message(MyInfoStepDefinition.java:232)
at ✽.it should show me error message(classpath:runner/features/MyInfo1.feature:27)
]]>
            </full-stacktrace>
          </exception> <!-- org.openqa.selenium.NoSuchElementException -->
          <reporter-output>
          </reporter-output>
        </test-method> <!-- runScenario -->
        <test-method signature="runScenario(io.cucumber.testng.PickleWrapper,io.cucumber.testng.FeatureWrapper)[pri:0, instance:runner.MyInfoRunner@43df23d3]" started-at="2023-03-04T00:37:17 IST" name="runScenario" description="Runs Cucumber Scenarios" data-provider="scenarios" finished-at="2023-03-04T00:38:14 IST" duration-ms="56302" status="PASS">
          <params>
            <param index="0">
              <value>
                <![CDATA["Add a new dependent"]]>
              </value>
            </param>
            <param index="1">
              <value>
                <![CDATA["Add new dependent"]]>
              </value>
            </param>
          </params>
          <reporter-output>
          </reporter-output>
        </test-method> <!-- runScenario -->
        <test-method signature="runScenario(io.cucumber.testng.PickleWrapper,io.cucumber.testng.FeatureWrapper)[pri:0, instance:runner.MyInfoRunner@43df23d3]" started-at="2023-03-04T00:38:14 IST" name="runScenario" description="Runs Cucumber Scenarios" data-provider="scenarios" finished-at="2023-03-04T00:38:53 IST" duration-ms="39431" status="PASS">
          <params>
            <param index="0">
              <value>
                <![CDATA["Add a new dependent"]]>
              </value>
            </param>
            <param index="1">
              <value>
                <![CDATA["Add new dependent"]]>
              </value>
            </param>
          </params>
          <reporter-output>
          </reporter-output>
        </test-method> <!-- runScenario -->
        <test-method signature="runScenario(io.cucumber.testng.PickleWrapper,io.cucumber.testng.FeatureWrapper)[pri:0, instance:runner.MyInfoRunner@43df23d3]" started-at="2023-03-04T00:38:53 IST" name="runScenario" description="Runs Cucumber Scenarios" data-provider="scenarios" finished-at="2023-03-04T00:39:36 IST" duration-ms="42723" status="PASS">
          <params>
            <param index="0">
              <value>
                <![CDATA["Edit existing dependent"]]>
              </value>
            </param>
            <param index="1">
              <value>
                <![CDATA["Add new dependent"]]>
              </value>
            </param>
          </params>
          <reporter-output>
          </reporter-output>
        </test-method> <!-- runScenario -->
        <test-method signature="runScenario(io.cucumber.testng.PickleWrapper,io.cucumber.testng.FeatureWrapper)[pri:0, instance:runner.MyInfoRunner@43df23d3]" started-at="2023-03-04T00:39:36 IST" name="runScenario" description="Runs Cucumber Scenarios" data-provider="scenarios" finished-at="2023-03-04T00:40:34 IST" duration-ms="58389" status="PASS">
          <params>
            <param index="0">
              <value>
                <![CDATA["Delete existing dependent"]]>
              </value>
            </param>
            <param index="1">
              <value>
                <![CDATA["Add new dependent"]]>
              </value>
            </param>
          </params>
          <reporter-output>
          </reporter-output>
        </test-method> <!-- runScenario -->
        <test-method is-config="true" signature="tearDownClass()[pri:0, instance:runner.MyInfoRunner@43df23d3]" started-at="2023-03-04T00:40:34 IST" name="tearDownClass" finished-at="2023-03-04T00:40:34 IST" duration-ms="2" status="PASS">
          <reporter-output>
          </reporter-output>
        </test-method> <!-- tearDownClass -->
      </class> <!-- runner.MyInfoRunner -->
    </test> <!-- Test -->
  </suite> <!-- Suite -->
</testng-results>
